<?xml version="1.0" encoding="UTF-8"?>
<!-- Generated by org.testng.reporters.JUnitReportReporter -->
<testsuite hostname="luna" name="org.sirix.io.bytepipe.IByteHandlerTest" tests="1" failures="0" timestamp="25 Sep 2012 05:33:52 GMT" time="0.083" errors="0">
  <testcase name="testSerializeAndDeserialize" time="0.083" classname="org.sirix.io.bytepipe.IByteHandlerTest"/>
</testsuite> <!-- org.sirix.io.bytepipe.IByteHandlerTest -->
