<?xml version="1.0" encoding="UTF-8"?>
<!-- Generated by org.testng.reporters.JUnitReportReporter -->
<testsuite hostname="luna" name="org.sirix.io.IStorageTest" tests="1" failures="0" timestamp="25 Sep 2012 05:33:52 GMT" time="1.607" errors="0">
  <testcase name="testFirstRef" time="1.607" classname="org.sirix.io.IStorageTest"/>
</testsuite> <!-- org.sirix.io.IStorageTest -->
