<?xml version="1.0" encoding="UTF-8"?>
<!-- Generated by org.testng.reporters.JUnitReportReporter -->
<testsuite hostname="luna" name="org.sirix.access.conf.DatabaseConfigurationTest" tests="1" failures="0" timestamp="25 Sep 2012 05:33:52 GMT" time="1.304" errors="0">
  <testcase name="testDeSerialize" time="1.304" classname="org.sirix.access.conf.DatabaseConfigurationTest"/>
</testsuite> <!-- org.sirix.access.conf.DatabaseConfigurationTest -->
