<?xml version="1.0" encoding="UTF-8"?>
<!-- Generated by org.testng.reporters.JUnitReportReporter -->
<testsuite hostname="luna" name="org.sirix.page.IPageTest" tests="1" failures="0" timestamp="25 Sep 2012 05:33:52 GMT" time="0.088" errors="0">
  <testcase name="testByteRepresentation" time="0.088" classname="org.sirix.page.IPageTest"/>
</testsuite> <!-- org.sirix.page.IPageTest -->
