<?xml version="1.0" encoding="UTF-8" ?>
<testsuite failures="0" time="0.005" errors="5" skipped="0" tests="5" name="org.treetank.service.xml.serialize.XMLSerializerTest">
  <properties>
    <property name="java.runtime.name" value="Java(TM) SE Runtime Environment"/>
    <property name="sun.boot.library.path" value="/usr/lib/jvm/jdk1.7.0/jre/lib/amd64"/>
    <property name="java.vm.version" value="21.0-b17"/>
    <property name="java.vm.vendor" value="Oracle Corporation"/>
    <property name="java.vendor.url" value="http://java.oracle.com/"/>
    <property name="path.separator" value=":"/>
    <property name="java.vm.name" value="Java HotSpot(TM) 64-Bit Server VM"/>
    <property name="file.encoding.pkg" value="sun.io"/>
    <property name="user.country" value="US"/>
    <property name="sun.java.launcher" value="SUN_STANDARD"/>
    <property name="sun.os.patch.level" value="unknown"/>
    <property name="java.vm.specification.name" value="Java Virtual Machine Specification"/>
    <property name="user.dir" value="/home/johannes/workspace/treetank/bundles/treetank-core"/>
    <property name="java.runtime.version" value="1.7.0-b147"/>
    <property name="java.awt.graphicsenv" value="sun.awt.X11GraphicsEnvironment"/>
    <property name="basedir" value="/home/johannes/workspace/treetank/bundles/treetank-core"/>
    <property name="java.endorsed.dirs" value="/usr/lib/jvm/jdk1.7.0/jre/lib/endorsed"/>
    <property name="os.arch" value="amd64"/>
    <property name="surefire.real.class.path" value="/home/johannes/workspace/treetank/bundles/treetank-core/target/surefire/surefirebooter9147533316145675933.jar"/>
    <property name="java.io.tmpdir" value="/tmp"/>
    <property name="line.separator" value="
"/>
    <property name="java.vm.specification.vendor" value="Oracle Corporation"/>
    <property name="os.name" value="Linux"/>
    <property name="sun.jnu.encoding" value="UTF-8"/>
    <property name="java.library.path" value="/usr/java/packages/lib/amd64:/usr/lib64:/lib64:/lib:/usr/lib"/>
    <property name="surefire.test.class.path" value="/home/johannes/workspace/treetank/bundles/treetank-core/target/test-classes:/home/johannes/workspace/treetank/bundles/treetank-core/target/classes:/home/johannes/.m2/repository/treetank/encryption/0.0.1-SNAPSHOT/encryption-0.0.1-SNAPSHOT.jar:/home/johannes/.m2/repository/treetank/encryption/0.0.1-SNAPSHOT/encryption-0.0.1-SNAPSHOT-tests.jar:/home/johannes/.m2/repository/treetank/commons/1.0.0-SNAPSHOT/commons-1.0.0-SNAPSHOT.jar:/home/johannes/.m2/repository/commons-primitives/commons-primitives/1.0/commons-primitives-1.0.jar:/home/johannes/.m2/repository/junit/junit/4.8.2/junit-4.8.2.jar:/home/johannes/.m2/repository/commons-math/commons-math/1.2/commons-math-1.2.jar:/home/johannes/.m2/repository/com/sleepycat/je/4.1.10/je-4.1.10.jar:/home/johannes/.m2/repository/org/aspectj/aspectjrt/1.6.10/aspectjrt-1.6.10.jar:/home/johannes/.m2/repository/org/slf4j/slf4j-api/1.6.1/slf4j-api-1.6.1.jar:/home/johannes/.m2/repository/perfidix/perfidix/3.6.4/perfidix-3.6.4.jar:/home/johannes/.m2/repository/org/mockito/mockito-core/1.9.0-rc1/mockito-core-1.9.0-rc1.jar:/home/johannes/.m2/repository/org/hamcrest/hamcrest-core/1.1/hamcrest-core-1.1.jar:/home/johannes/.m2/repository/org/objenesis/objenesis/1.0/objenesis-1.0.jar:/home/johannes/.m2/repository/xmlunit/xmlunit/1.3/xmlunit-1.3.jar:"/>
    <property name="java.specification.name" value="Java Platform API Specification"/>
    <property name="java.class.version" value="51.0"/>
    <property name="sun.management.compiler" value="HotSpot 64-Bit Tiered Compilers"/>
    <property name="os.version" value="3.0.0-18-generic"/>
    <property name="user.home" value="/home/johannes"/>
    <property name="user.timezone" value=""/>
    <property name="java.awt.printerjob" value="sun.print.PSPrinterJob"/>
    <property name="file.encoding" value="UTF-8"/>
    <property name="java.specification.version" value="1.7"/>
    <property name="user.name" value="johannes"/>
    <property name="java.class.path" value="/home/johannes/workspace/treetank/bundles/treetank-core/target/test-classes:/home/johannes/workspace/treetank/bundles/treetank-core/target/classes:/home/johannes/.m2/repository/treetank/encryption/0.0.1-SNAPSHOT/encryption-0.0.1-SNAPSHOT.jar:/home/johannes/.m2/repository/treetank/encryption/0.0.1-SNAPSHOT/encryption-0.0.1-SNAPSHOT-tests.jar:/home/johannes/.m2/repository/treetank/commons/1.0.0-SNAPSHOT/commons-1.0.0-SNAPSHOT.jar:/home/johannes/.m2/repository/commons-primitives/commons-primitives/1.0/commons-primitives-1.0.jar:/home/johannes/.m2/repository/junit/junit/4.8.2/junit-4.8.2.jar:/home/johannes/.m2/repository/commons-math/commons-math/1.2/commons-math-1.2.jar:/home/johannes/.m2/repository/com/sleepycat/je/4.1.10/je-4.1.10.jar:/home/johannes/.m2/repository/org/aspectj/aspectjrt/1.6.10/aspectjrt-1.6.10.jar:/home/johannes/.m2/repository/org/slf4j/slf4j-api/1.6.1/slf4j-api-1.6.1.jar:/home/johannes/.m2/repository/perfidix/perfidix/3.6.4/perfidix-3.6.4.jar:/home/johannes/.m2/repository/org/mockito/mockito-core/1.9.0-rc1/mockito-core-1.9.0-rc1.jar:/home/johannes/.m2/repository/org/hamcrest/hamcrest-core/1.1/hamcrest-core-1.1.jar:/home/johannes/.m2/repository/org/objenesis/objenesis/1.0/objenesis-1.0.jar:/home/johannes/.m2/repository/xmlunit/xmlunit/1.3/xmlunit-1.3.jar:"/>
    <property name="java.vm.specification.version" value="1.7"/>
    <property name="sun.arch.data.model" value="64"/>
    <property name="java.home" value="/usr/lib/jvm/jdk1.7.0/jre"/>
    <property name="sun.java.command" value="/home/johannes/workspace/treetank/bundles/treetank-core/target/surefire/surefirebooter9147533316145675933.jar /home/johannes/workspace/treetank/bundles/treetank-core/target/surefire/surefire1346266618244209340tmp /home/johannes/workspace/treetank/bundles/treetank-core/target/surefire/surefire1912217447899704697tmp"/>
    <property name="java.specification.vendor" value="Oracle Corporation"/>
    <property name="user.language" value="en"/>
    <property name="awt.toolkit" value="sun.awt.X11.XToolkit"/>
    <property name="java.vm.info" value="mixed mode"/>
    <property name="java.version" value="1.7.0"/>
    <property name="java.ext.dirs" value="/usr/lib/jvm/jdk1.7.0/jre/lib/ext:/usr/java/packages/lib/ext"/>
    <property name="sun.boot.class.path" value="/usr/lib/jvm/jdk1.7.0/jre/lib/resources.jar:/usr/lib/jvm/jdk1.7.0/jre/lib/rt.jar:/usr/lib/jvm/jdk1.7.0/jre/lib/sunrsasign.jar:/usr/lib/jvm/jdk1.7.0/jre/lib/jsse.jar:/usr/lib/jvm/jdk1.7.0/jre/lib/jce.jar:/usr/lib/jvm/jdk1.7.0/jre/lib/charsets.jar:/usr/lib/jvm/jdk1.7.0/jre/classes"/>
    <property name="java.vendor" value="Oracle Corporation"/>
    <property name="localRepository" value="/home/johannes/.m2/repository"/>
    <property name="file.separator" value="/"/>
    <property name="java.vendor.url.bug" value="http://bugreport.sun.com/bugreport/"/>
    <property name="sun.cpu.endian" value="little"/>
    <property name="sun.io.unicode.encoding" value="UnicodeLittle"/>
    <property name="sun.desktop" value="gnome"/>
    <property name="sun.cpu.isalist" value=""/>
  </properties>
  <testcase time="0" classname="org.treetank.service.xml.serialize.XMLSerializerTest" name="testXMLSerializer">
    <error message="Could not initialize class org.treetank.access.conf.DatabaseConfiguration$Paths" type="java.lang.NoClassDefFoundError">java.lang.NoClassDefFoundError: Could not initialize class org.treetank.access.conf.DatabaseConfiguration$Paths
	at org.treetank.access.Database.truncateDatabase(Database.java:154)
	at org.treetank.TestHelper.deleteEverything(TestHelper.java:167)
	at org.treetank.service.xml.serialize.XMLSerializerTest.setUp(XMLSerializerTest.java:51)
	at sun.reflect.NativeMethodAccessorImpl.invoke0(Native Method)
	at sun.reflect.NativeMethodAccessorImpl.invoke(NativeMethodAccessorImpl.java:57)
	at sun.reflect.DelegatingMethodAccessorImpl.invoke(DelegatingMethodAccessorImpl.java:43)
	at java.lang.reflect.Method.invoke(Method.java:601)
	at org.junit.runners.model.FrameworkMethod$1.runReflectiveCall(FrameworkMethod.java:44)
	at org.junit.internal.runners.model.ReflectiveCallable.run(ReflectiveCallable.java:15)
	at org.junit.runners.model.FrameworkMethod.invokeExplosively(FrameworkMethod.java:41)
	at org.junit.internal.runners.statements.RunBefores.evaluate(RunBefores.java:27)
	at org.junit.internal.runners.statements.RunAfters.evaluate(RunAfters.java:31)
	at org.junit.runners.BlockJUnit4ClassRunner.runNotIgnored(BlockJUnit4ClassRunner.java:79)
	at org.junit.runners.BlockJUnit4ClassRunner.runChild(BlockJUnit4ClassRunner.java:71)
	at org.junit.runners.BlockJUnit4ClassRunner.runChild(BlockJUnit4ClassRunner.java:49)
	at org.junit.runners.ParentRunner$3.run(ParentRunner.java:193)
	at org.junit.runners.ParentRunner$1.schedule(ParentRunner.java:52)
	at org.junit.runners.ParentRunner.runChildren(ParentRunner.java:191)
	at org.junit.runners.ParentRunner.access$000(ParentRunner.java:42)
	at org.junit.runners.ParentRunner$2.evaluate(ParentRunner.java:184)
	at org.junit.runners.ParentRunner.run(ParentRunner.java:236)
	at org.apache.maven.surefire.junit4.JUnit4TestSet.execute(JUnit4TestSet.java:35)
	at org.apache.maven.surefire.junit4.JUnit4Provider.executeTestSet(JUnit4Provider.java:146)
	at org.apache.maven.surefire.junit4.JUnit4Provider.invoke(JUnit4Provider.java:97)
	at sun.reflect.NativeMethodAccessorImpl.invoke0(Native Method)
	at sun.reflect.NativeMethodAccessorImpl.invoke(NativeMethodAccessorImpl.java:57)
	at sun.reflect.DelegatingMethodAccessorImpl.invoke(DelegatingMethodAccessorImpl.java:43)
	at java.lang.reflect.Method.invoke(Method.java:601)
	at org.apache.maven.surefire.booter.ProviderFactory$ClassLoaderProxy.invoke(ProviderFactory.java:103)
	at $Proxy0.invoke(Unknown Source)
	at org.apache.maven.surefire.booter.SurefireStarter.invokeProvider(SurefireStarter.java:145)
	at org.apache.maven.surefire.booter.SurefireStarter.runSuitesInProcess(SurefireStarter.java:87)
	at org.apache.maven.surefire.booter.ForkedBooter.main(ForkedBooter.java:69)
</error>
    <system-out>@SLTests run: 1, Failures: 0, Errors: 1, Skipped: 0, Time elapsed: 0.001 sec &lt;&lt;&lt; FAILURE!
@SLRunning org.treetank.service.xml.serialize.XMLSerializerTest
</system-out>
  </testcase>
  <testcase time="0.001" classname="org.treetank.service.xml.serialize.XMLSerializerTest" name="testRestSerializer">
    <error message="Could not initialize class org.treetank.access.conf.DatabaseConfiguration$Paths" type="java.lang.NoClassDefFoundError">java.lang.NoClassDefFoundError: Could not initialize class org.treetank.access.conf.DatabaseConfiguration$Paths
	at org.treetank.access.Database.truncateDatabase(Database.java:154)
	at org.treetank.TestHelper.deleteEverything(TestHelper.java:167)
	at org.treetank.service.xml.serialize.XMLSerializerTest.setUp(XMLSerializerTest.java:51)
	at sun.reflect.NativeMethodAccessorImpl.invoke0(Native Method)
	at sun.reflect.NativeMethodAccessorImpl.invoke(NativeMethodAccessorImpl.java:57)
	at sun.reflect.DelegatingMethodAccessorImpl.invoke(DelegatingMethodAccessorImpl.java:43)
	at java.lang.reflect.Method.invoke(Method.java:601)
	at org.junit.runners.model.FrameworkMethod$1.runReflectiveCall(FrameworkMethod.java:44)
	at org.junit.internal.runners.model.ReflectiveCallable.run(ReflectiveCallable.java:15)
	at org.junit.runners.model.FrameworkMethod.invokeExplosively(FrameworkMethod.java:41)
	at org.junit.internal.runners.statements.RunBefores.evaluate(RunBefores.java:27)
	at org.junit.internal.runners.statements.RunAfters.evaluate(RunAfters.java:31)
	at org.junit.runners.BlockJUnit4ClassRunner.runNotIgnored(BlockJUnit4ClassRunner.java:79)
	at org.junit.runners.BlockJUnit4ClassRunner.runChild(BlockJUnit4ClassRunner.java:71)
	at org.junit.runners.BlockJUnit4ClassRunner.runChild(BlockJUnit4ClassRunner.java:49)
	at org.junit.runners.ParentRunner$3.run(ParentRunner.java:193)
	at org.junit.runners.ParentRunner$1.schedule(ParentRunner.java:52)
	at org.junit.runners.ParentRunner.runChildren(ParentRunner.java:191)
	at org.junit.runners.ParentRunner.access$000(ParentRunner.java:42)
	at org.junit.runners.ParentRunner$2.evaluate(ParentRunner.java:184)
	at org.junit.runners.ParentRunner.run(ParentRunner.java:236)
	at org.apache.maven.surefire.junit4.JUnit4TestSet.execute(JUnit4TestSet.java:35)
	at org.apache.maven.surefire.junit4.JUnit4Provider.executeTestSet(JUnit4Provider.java:146)
	at org.apache.maven.surefire.junit4.JUnit4Provider.invoke(JUnit4Provider.java:97)
	at sun.reflect.NativeMethodAccessorImpl.invoke0(Native Method)
	at sun.reflect.NativeMethodAccessorImpl.invoke(NativeMethodAccessorImpl.java:57)
	at sun.reflect.DelegatingMethodAccessorImpl.invoke(DelegatingMethodAccessorImpl.java:43)
	at java.lang.reflect.Method.invoke(Method.java:601)
	at org.apache.maven.surefire.booter.ProviderFactory$ClassLoaderProxy.invoke(ProviderFactory.java:103)
	at $Proxy0.invoke(Unknown Source)
	at org.apache.maven.surefire.booter.SurefireStarter.invokeProvider(SurefireStarter.java:145)
	at org.apache.maven.surefire.booter.SurefireStarter.runSuitesInProcess(SurefireStarter.java:87)
	at org.apache.maven.surefire.booter.ForkedBooter.main(ForkedBooter.java:69)
</error>
  </testcase>
  <testcase time="0" classname="org.treetank.service.xml.serialize.XMLSerializerTest" name="testIDSerializer">
    <error message="Could not initialize class org.treetank.access.conf.DatabaseConfiguration$Paths" type="java.lang.NoClassDefFoundError">java.lang.NoClassDefFoundError: Could not initialize class org.treetank.access.conf.DatabaseConfiguration$Paths
	at org.treetank.access.Database.truncateDatabase(Database.java:154)
	at org.treetank.TestHelper.deleteEverything(TestHelper.java:167)
	at org.treetank.service.xml.serialize.XMLSerializerTest.setUp(XMLSerializerTest.java:51)
	at sun.reflect.NativeMethodAccessorImpl.invoke0(Native Method)
	at sun.reflect.NativeMethodAccessorImpl.invoke(NativeMethodAccessorImpl.java:57)
	at sun.reflect.DelegatingMethodAccessorImpl.invoke(DelegatingMethodAccessorImpl.java:43)
	at java.lang.reflect.Method.invoke(Method.java:601)
	at org.junit.runners.model.FrameworkMethod$1.runReflectiveCall(FrameworkMethod.java:44)
	at org.junit.internal.runners.model.ReflectiveCallable.run(ReflectiveCallable.java:15)
	at org.junit.runners.model.FrameworkMethod.invokeExplosively(FrameworkMethod.java:41)
	at org.junit.internal.runners.statements.RunBefores.evaluate(RunBefores.java:27)
	at org.junit.internal.runners.statements.RunAfters.evaluate(RunAfters.java:31)
	at org.junit.runners.BlockJUnit4ClassRunner.runNotIgnored(BlockJUnit4ClassRunner.java:79)
	at org.junit.runners.BlockJUnit4ClassRunner.runChild(BlockJUnit4ClassRunner.java:71)
	at org.junit.runners.BlockJUnit4ClassRunner.runChild(BlockJUnit4ClassRunner.java:49)
	at org.junit.runners.ParentRunner$3.run(ParentRunner.java:193)
	at org.junit.runners.ParentRunner$1.schedule(ParentRunner.java:52)
	at org.junit.runners.ParentRunner.runChildren(ParentRunner.java:191)
	at org.junit.runners.ParentRunner.access$000(ParentRunner.java:42)
	at org.junit.runners.ParentRunner$2.evaluate(ParentRunner.java:184)
	at org.junit.runners.ParentRunner.run(ParentRunner.java:236)
	at org.apache.maven.surefire.junit4.JUnit4TestSet.execute(JUnit4TestSet.java:35)
	at org.apache.maven.surefire.junit4.JUnit4Provider.executeTestSet(JUnit4Provider.java:146)
	at org.apache.maven.surefire.junit4.JUnit4Provider.invoke(JUnit4Provider.java:97)
	at sun.reflect.NativeMethodAccessorImpl.invoke0(Native Method)
	at sun.reflect.NativeMethodAccessorImpl.invoke(NativeMethodAccessorImpl.java:57)
	at sun.reflect.DelegatingMethodAccessorImpl.invoke(DelegatingMethodAccessorImpl.java:43)
	at java.lang.reflect.Method.invoke(Method.java:601)
	at org.apache.maven.surefire.booter.ProviderFactory$ClassLoaderProxy.invoke(ProviderFactory.java:103)
	at $Proxy0.invoke(Unknown Source)
	at org.apache.maven.surefire.booter.SurefireStarter.invokeProvider(SurefireStarter.java:145)
	at org.apache.maven.surefire.booter.SurefireStarter.runSuitesInProcess(SurefireStarter.java:87)
	at org.apache.maven.surefire.booter.ForkedBooter.main(ForkedBooter.java:69)
</error>
  </testcase>
  <testcase time="0.001" classname="org.treetank.service.xml.serialize.XMLSerializerTest" name="testSampleCompleteSerializer">
    <error message="Could not initialize class org.treetank.access.conf.DatabaseConfiguration$Paths" type="java.lang.NoClassDefFoundError">java.lang.NoClassDefFoundError: Could not initialize class org.treetank.access.conf.DatabaseConfiguration$Paths
	at org.treetank.access.Database.truncateDatabase(Database.java:154)
	at org.treetank.TestHelper.deleteEverything(TestHelper.java:167)
	at org.treetank.service.xml.serialize.XMLSerializerTest.setUp(XMLSerializerTest.java:51)
	at sun.reflect.NativeMethodAccessorImpl.invoke0(Native Method)
	at sun.reflect.NativeMethodAccessorImpl.invoke(NativeMethodAccessorImpl.java:57)
	at sun.reflect.DelegatingMethodAccessorImpl.invoke(DelegatingMethodAccessorImpl.java:43)
	at java.lang.reflect.Method.invoke(Method.java:601)
	at org.junit.runners.model.FrameworkMethod$1.runReflectiveCall(FrameworkMethod.java:44)
	at org.junit.internal.runners.model.ReflectiveCallable.run(ReflectiveCallable.java:15)
	at org.junit.runners.model.FrameworkMethod.invokeExplosively(FrameworkMethod.java:41)
	at org.junit.internal.runners.statements.RunBefores.evaluate(RunBefores.java:27)
	at org.junit.internal.runners.statements.RunAfters.evaluate(RunAfters.java:31)
	at org.junit.runners.BlockJUnit4ClassRunner.runNotIgnored(BlockJUnit4ClassRunner.java:79)
	at org.junit.runners.BlockJUnit4ClassRunner.runChild(BlockJUnit4ClassRunner.java:71)
	at org.junit.runners.BlockJUnit4ClassRunner.runChild(BlockJUnit4ClassRunner.java:49)
	at org.junit.runners.ParentRunner$3.run(ParentRunner.java:193)
	at org.junit.runners.ParentRunner$1.schedule(ParentRunner.java:52)
	at org.junit.runners.ParentRunner.runChildren(ParentRunner.java:191)
	at org.junit.runners.ParentRunner.access$000(ParentRunner.java:42)
	at org.junit.runners.ParentRunner$2.evaluate(ParentRunner.java:184)
	at org.junit.runners.ParentRunner.run(ParentRunner.java:236)
	at org.apache.maven.surefire.junit4.JUnit4TestSet.execute(JUnit4TestSet.java:35)
	at org.apache.maven.surefire.junit4.JUnit4Provider.executeTestSet(JUnit4Provider.java:146)
	at org.apache.maven.surefire.junit4.JUnit4Provider.invoke(JUnit4Provider.java:97)
	at sun.reflect.NativeMethodAccessorImpl.invoke0(Native Method)
	at sun.reflect.NativeMethodAccessorImpl.invoke(NativeMethodAccessorImpl.java:57)
	at sun.reflect.DelegatingMethodAccessorImpl.invoke(DelegatingMethodAccessorImpl.java:43)
	at java.lang.reflect.Method.invoke(Method.java:601)
	at org.apache.maven.surefire.booter.ProviderFactory$ClassLoaderProxy.invoke(ProviderFactory.java:103)
	at $Proxy0.invoke(Unknown Source)
	at org.apache.maven.surefire.booter.SurefireStarter.invokeProvider(SurefireStarter.java:145)
	at org.apache.maven.surefire.booter.SurefireStarter.runSuitesInProcess(SurefireStarter.java:87)
	at org.apache.maven.surefire.booter.ForkedBooter.main(ForkedBooter.java:69)
</error>
  </testcase>
  <testcase time="0" classname="org.treetank.service.xml.serialize.XMLSerializerTest" name="testKeyStart">
    <error message="Could not initialize class org.treetank.access.conf.DatabaseConfiguration$Paths" type="java.lang.NoClassDefFoundError">java.lang.NoClassDefFoundError: Could not initialize class org.treetank.access.conf.DatabaseConfiguration$Paths
	at org.treetank.access.Database.truncateDatabase(Database.java:154)
	at org.treetank.TestHelper.deleteEverything(TestHelper.java:167)
	at org.treetank.service.xml.serialize.XMLSerializerTest.setUp(XMLSerializerTest.java:51)
	at sun.reflect.NativeMethodAccessorImpl.invoke0(Native Method)
	at sun.reflect.NativeMethodAccessorImpl.invoke(NativeMethodAccessorImpl.java:57)
	at sun.reflect.DelegatingMethodAccessorImpl.invoke(DelegatingMethodAccessorImpl.java:43)
	at java.lang.reflect.Method.invoke(Method.java:601)
	at org.junit.runners.model.FrameworkMethod$1.runReflectiveCall(FrameworkMethod.java:44)
	at org.junit.internal.runners.model.ReflectiveCallable.run(ReflectiveCallable.java:15)
	at org.junit.runners.model.FrameworkMethod.invokeExplosively(FrameworkMethod.java:41)
	at org.junit.internal.runners.statements.RunBefores.evaluate(RunBefores.java:27)
	at org.junit.internal.runners.statements.RunAfters.evaluate(RunAfters.java:31)
	at org.junit.runners.BlockJUnit4ClassRunner.runNotIgnored(BlockJUnit4ClassRunner.java:79)
	at org.junit.runners.BlockJUnit4ClassRunner.runChild(BlockJUnit4ClassRunner.java:71)
	at org.junit.runners.BlockJUnit4ClassRunner.runChild(BlockJUnit4ClassRunner.java:49)
	at org.junit.runners.ParentRunner$3.run(ParentRunner.java:193)
	at org.junit.runners.ParentRunner$1.schedule(ParentRunner.java:52)
	at org.junit.runners.ParentRunner.runChildren(ParentRunner.java:191)
	at org.junit.runners.ParentRunner.access$000(ParentRunner.java:42)
	at org.junit.runners.ParentRunner$2.evaluate(ParentRunner.java:184)
	at org.junit.runners.ParentRunner.run(ParentRunner.java:236)
	at org.apache.maven.surefire.junit4.JUnit4TestSet.execute(JUnit4TestSet.java:35)
	at org.apache.maven.surefire.junit4.JUnit4Provider.executeTestSet(JUnit4Provider.java:146)
	at org.apache.maven.surefire.junit4.JUnit4Provider.invoke(JUnit4Provider.java:97)
	at sun.reflect.NativeMethodAccessorImpl.invoke0(Native Method)
	at sun.reflect.NativeMethodAccessorImpl.invoke(NativeMethodAccessorImpl.java:57)
	at sun.reflect.DelegatingMethodAccessorImpl.invoke(DelegatingMethodAccessorImpl.java:43)
	at java.lang.reflect.Method.invoke(Method.java:601)
	at org.apache.maven.surefire.booter.ProviderFactory$ClassLoaderProxy.invoke(ProviderFactory.java:103)
	at $Proxy0.invoke(Unknown Source)
	at org.apache.maven.surefire.booter.SurefireStarter.invokeProvider(SurefireStarter.java:145)
	at org.apache.maven.surefire.booter.SurefireStarter.runSuitesInProcess(SurefireStarter.java:87)
	at org.apache.maven.surefire.booter.ForkedBooter.main(ForkedBooter.java:69)
</error>
  </testcase>
</testsuite>